2022/04/28 20:40:17 [notice] 1#1: using the "epoll" event method
2022/04/28 20:40:17 [notice] 1#1: nginx/1.21.6
2022/04/28 20:40:17 [notice] 1#1: built by gcc 10.2.1 20210110 (Debian 10.2.1-6) 
2022/04/28 20:40:17 [notice] 1#1: OS: Linux 5.10.16.3-microsoft-standard-WSL2
2022/04/28 20:40:17 [notice] 1#1: getrlimit(RLIMIT_NOFILE): 1048576:1048576
2022/04/28 20:40:17 [notice] 1#1: start worker processes
2022/04/28 20:40:17 [notice] 1#1: start worker process 31
2022/04/28 20:40:17 [notice] 1#1: start worker process 32
2022/04/28 20:40:17 [notice] 1#1: start worker process 33
2022/04/28 20:40:17 [notice] 1#1: start worker process 34
2022/04/28 20:43:06 [notice] 1#1: signal 3 (SIGQUIT) received, shutting down
2022/04/28 20:43:06 [notice] 31#31: gracefully shutting down
2022/04/28 20:43:06 [notice] 33#33: gracefully shutting down
2022/04/28 20:43:06 [notice] 32#32: gracefully shutting down
2022/04/28 20:43:06 [notice] 34#34: gracefully shutting down
2022/04/28 20:43:06 [notice] 34#34: exiting
2022/04/28 20:43:06 [notice] 31#31: exiting
2022/04/28 20:43:06 [notice] 33#33: exiting
2022/04/28 20:43:06 [notice] 32#32: exiting
2022/04/28 20:43:06 [notice] 34#34: exit
2022/04/28 20:43:06 [notice] 31#31: exit
2022/04/28 20:43:06 [notice] 33#33: exit
2022/04/28 20:43:06 [notice] 32#32: exit
2022/04/28 20:43:06 [notice] 1#1: signal 17 (SIGCHLD) received from 33
2022/04/28 20:43:06 [notice] 1#1: worker process 31 exited with code 0
2022/04/28 20:43:06 [notice] 1#1: worker process 33 exited with code 0
2022/04/28 20:43:06 [notice] 1#1: signal 29 (SIGIO) received
2022/04/28 20:43:06 [notice] 1#1: signal 17 (SIGCHLD) received from 32
2022/04/28 20:43:06 [notice] 1#1: worker process 32 exited with code 0
2022/04/28 20:43:06 [notice] 1#1: signal 29 (SIGIO) received
2022/04/28 20:43:07 [notice] 1#1: signal 17 (SIGCHLD) received from 34
2022/04/28 20:43:07 [notice] 1#1: worker process 34 exited with code 0
2022/04/28 20:43:07 [notice] 1#1: exit
2022/04/28 20:43:51 [notice] 1#1: using the "epoll" event method
2022/04/28 20:43:51 [notice] 1#1: nginx/1.21.6
2022/04/28 20:43:51 [notice] 1#1: built by gcc 10.2.1 20210110 (Debian 10.2.1-6) 
2022/04/28 20:43:51 [notice] 1#1: OS: Linux 5.10.16.3-microsoft-standard-WSL2
2022/04/28 20:43:51 [notice] 1#1: getrlimit(RLIMIT_NOFILE): 1048576:1048576
2022/04/28 20:43:51 [notice] 1#1: start worker processes
2022/04/28 20:43:51 [notice] 1#1: start worker process 31
2022/04/28 20:43:51 [notice] 1#1: start worker process 32
2022/04/28 20:43:51 [notice] 1#1: start worker process 33
2022/04/28 20:43:51 [notice] 1#1: start worker process 34
2022/04/28 20:44:13 [error] 31#31: *1 FastCGI sent in stderr: "Primary script unknown" while reading response header from upstream, client: 172.18.0.1, server: phpfpm.local, request: "GET / HTTP/1.1", upstream: "fastcgi://172.18.0.2:9000", host: "localhost:8282"
2022/04/28 20:44:14 [error] 31#31: *1 FastCGI sent in stderr: "Primary script unknown" while reading response header from upstream, client: 172.18.0.1, server: phpfpm.local, request: "GET /favicon.ico HTTP/1.1", upstream: "fastcgi://172.18.0.2:9000", host: "localhost:8282", referrer: "http://localhost:8282/"
2022/04/28 20:46:08 [error] 32#32: *4 FastCGI sent in stderr: "Primary script unknown" while reading response header from upstream, client: 172.18.0.1, server: phpfpm.local, request: "GET / HTTP/1.1", upstream: "fastcgi://172.18.0.2:9000", host: "localhost:8282"
2022/04/28 20:47:47 [notice] 1#1: signal 3 (SIGQUIT) received, shutting down
2022/04/28 20:47:47 [notice] 31#31: gracefully shutting down
2022/04/28 20:47:47 [notice] 32#32: gracefully shutting down
2022/04/28 20:47:47 [notice] 34#34: gracefully shutting down
2022/04/28 20:47:47 [notice] 33#33: gracefully shutting down
2022/04/28 20:47:47 [notice] 31#31: exiting
2022/04/28 20:47:47 [notice] 32#32: exiting
2022/04/28 20:47:47 [notice] 34#34: exiting
2022/04/28 20:47:47 [notice] 33#33: exiting
2022/04/28 20:47:47 [notice] 31#31: exit
2022/04/28 20:47:47 [notice] 32#32: exit
2022/04/28 20:47:47 [notice] 34#34: exit
2022/04/28 20:47:47 [notice] 33#33: exit
2022/04/28 20:47:47 [notice] 1#1: signal 17 (SIGCHLD) received from 31
2022/04/28 20:47:47 [notice] 1#1: worker process 31 exited with code 0
2022/04/28 20:47:47 [notice] 1#1: signal 29 (SIGIO) received
2022/04/28 20:47:47 [notice] 1#1: signal 17 (SIGCHLD) received from 34
2022/04/28 20:47:47 [notice] 1#1: worker process 34 exited with code 0
2022/04/28 20:47:47 [notice] 1#1: signal 29 (SIGIO) received
2022/04/28 20:47:47 [notice] 1#1: signal 17 (SIGCHLD) received from 33
2022/04/28 20:47:47 [notice] 1#1: worker process 32 exited with code 0
2022/04/28 20:47:47 [notice] 1#1: worker process 33 exited with code 0
2022/04/28 20:47:47 [notice] 1#1: exit
2022/04/28 20:49:50 [notice] 1#1: using the "epoll" event method
2022/04/28 20:49:50 [notice] 1#1: nginx/1.21.6
2022/04/28 20:49:50 [notice] 1#1: built by gcc 10.2.1 20210110 (Debian 10.2.1-6) 
2022/04/28 20:49:50 [notice] 1#1: OS: Linux 5.10.16.3-microsoft-standard-WSL2
2022/04/28 20:49:50 [notice] 1#1: getrlimit(RLIMIT_NOFILE): 1048576:1048576
2022/04/28 20:49:50 [notice] 1#1: start worker processes
2022/04/28 20:49:50 [notice] 1#1: start worker process 30
2022/04/28 20:49:50 [notice] 1#1: start worker process 31
2022/04/28 20:49:50 [notice] 1#1: start worker process 32
2022/04/28 20:49:50 [notice] 1#1: start worker process 33
2022/04/28 20:49:59 [error] 30#30: *1 FastCGI sent in stderr: "Primary script unknown" while reading response header from upstream, client: 172.18.0.1, server: phpfpm.local, request: "GET / HTTP/1.1", upstream: "fastcgi://172.18.0.2:9000", host: "localhost:8282"
2022/04/28 20:50:02 [error] 30#30: *1 FastCGI sent in stderr: "Primary script unknown" while reading response header from upstream, client: 172.18.0.1, server: phpfpm.local, request: "GET / HTTP/1.1", upstream: "fastcgi://172.18.0.2:9000", host: "localhost:8282"
2022/04/28 20:50:03 [error] 30#30: *1 FastCGI sent in stderr: "Primary script unknown" while reading response header from upstream, client: 172.18.0.1, server: phpfpm.local, request: "GET / HTTP/1.1", upstream: "fastcgi://172.18.0.2:9000", host: "localhost:8282"
2022/04/28 20:50:52 [notice] 1#1: signal 3 (SIGQUIT) received, shutting down
2022/04/28 20:50:52 [notice] 30#30: gracefully shutting down
2022/04/28 20:50:52 [notice] 32#32: gracefully shutting down
2022/04/28 20:50:52 [notice] 33#33: gracefully shutting down
2022/04/28 20:50:52 [notice] 31#31: gracefully shutting down
2022/04/28 20:50:52 [notice] 31#31: exiting
2022/04/28 20:50:52 [notice] 30#30: exiting
2022/04/28 20:50:52 [notice] 32#32: exiting
2022/04/28 20:50:52 [notice] 33#33: exiting
2022/04/28 20:50:52 [notice] 31#31: exit
2022/04/28 20:50:52 [notice] 30#30: exit
2022/04/28 20:50:52 [notice] 32#32: exit
2022/04/28 20:50:52 [notice] 33#33: exit
2022/04/28 20:50:52 [notice] 1#1: signal 17 (SIGCHLD) received from 33
2022/04/28 20:50:52 [notice] 1#1: worker process 30 exited with code 0
2022/04/28 20:50:52 [notice] 1#1: worker process 33 exited with code 0
2022/04/28 20:50:52 [notice] 1#1: signal 29 (SIGIO) received
2022/04/28 20:50:52 [notice] 1#1: signal 17 (SIGCHLD) received from 30
2022/04/28 20:50:52 [notice] 1#1: signal 17 (SIGCHLD) received from 31
2022/04/28 20:50:52 [notice] 1#1: worker process 31 exited with code 0
2022/04/28 20:50:52 [notice] 1#1: signal 29 (SIGIO) received
2022/04/28 20:50:52 [notice] 1#1: signal 17 (SIGCHLD) received from 32
2022/04/28 20:50:52 [notice] 1#1: worker process 32 exited with code 0
2022/04/28 20:50:52 [notice] 1#1: exit
2022/04/28 20:51:15 [notice] 1#1: using the "epoll" event method
2022/04/28 20:51:15 [notice] 1#1: nginx/1.21.6
2022/04/28 20:51:15 [notice] 1#1: built by gcc 10.2.1 20210110 (Debian 10.2.1-6) 
2022/04/28 20:51:15 [notice] 1#1: OS: Linux 5.10.16.3-microsoft-standard-WSL2
2022/04/28 20:51:15 [notice] 1#1: getrlimit(RLIMIT_NOFILE): 1048576:1048576
2022/04/28 20:51:15 [notice] 1#1: start worker processes
2022/04/28 20:51:15 [notice] 1#1: start worker process 30
2022/04/28 20:51:15 [notice] 1#1: start worker process 31
2022/04/28 20:51:15 [notice] 1#1: start worker process 32
2022/04/28 20:51:15 [notice] 1#1: start worker process 33
